

Started GET "/scatterplot.html" for 127.0.0.1 at 2014-07-24 00:28:25 -0400

ActionController::RoutingError (No route matches [GET] "/scatterplot.html"):
  actionpack (4.1.2) lib/action_dispatch/middleware/debug_exceptions.rb:21:in `call'
  actionpack (4.1.2) lib/action_dispatch/middleware/show_exceptions.rb:30:in `call'
  railties (4.1.2) lib/rails/rack/logger.rb:38:in `call_app'
  railties (4.1.2) lib/rails/rack/logger.rb:20:in `block in call'
  activesupport (4.1.2) lib/active_support/tagged_logging.rb:68:in `block in tagged'
  activesupport (4.1.2) lib/active_support/tagged_logging.rb:26:in `tagged'
  activesupport (4.1.2) lib/active_support/tagged_logging.rb:68:in `tagged'
  railties (4.1.2) lib/rails/rack/logger.rb:20:in `call'
  actionpack (4.1.2) lib/action_dispatch/middleware/request_id.rb:21:in `call'
  rack (1.5.2) lib/rack/methodoverride.rb:21:in `call'
  rack (1.5.2) lib/rack/runtime.rb:17:in `call'
  activesupport (4.1.2) lib/active_support/cache/strategy/local_cache_middleware.rb:26:in `call'
  rack (1.5.2) lib/rack/lock.rb:17:in `call'
  actionpack (4.1.2) lib/action_dispatch/middleware/static.rb:64:in `call'
  rack (1.5.2) lib/rack/sendfile.rb:112:in `call'
  railties (4.1.2) lib/rails/engine.rb:514:in `call'
  railties (4.1.2) lib/rails/application.rb:144:in `call'
  rack (1.5.2) lib/rack/lock.rb:17:in `call'
  rack (1.5.2) lib/rack/content_length.rb:14:in `call'
  rack (1.5.2) lib/rack/handler/webrick.rb:60:in `service'
  /Users/davidyinglunliu/.rbenv/versions/2.0.0-p481/lib/ruby/2.0.0/webrick/httpserver.rb:138:in `service'
  /Users/davidyinglunliu/.rbenv/versions/2.0.0-p481/lib/ruby/2.0.0/webrick/httpserver.rb:94:in `run'
  /Users/davidyinglunliu/.rbenv/versions/2.0.0-p481/lib/ruby/2.0.0/webrick/server.rb:295:in `block in start_thread'


  Rendered /Users/davidyinglunliu/.rbenv/versions/2.0.0-p481/lib/ruby/gems/2.0.0/gems/actionpack-4.1.2/lib/action_dispatch/middleware/templates/rescues/_trace.html.erb (0.8ms)
  Rendered /Users/davidyinglunliu/.rbenv/versions/2.0.0-p481/lib/ruby/gems/2.0.0/gems/actionpack-4.1.2/lib/action_dispatch/middleware/templates/routes/_table.html.erb (6.7ms)
  Rendered /Users/davidyinglunliu/.rbenv/versions/2.0.0-p481/lib/ruby/gems/2.0.0/gems/actionpack-4.1.2/lib/action_dispatch/middleware/templates/rescues/routing_error.html.erb within rescues/layout (46.8ms)


Started GET "/" for 127.0.0.1 at 2014-07-24 00:28:28 -0400
Processing by Rails::WelcomeController#index as HTML
  Rendered /Users/davidyinglunliu/.rbenv/versions/2.0.0-p481/lib/ruby/gems/2.0.0/gems/railties-4.1.2/lib/rails/templates/rails/welcome/index.html.erb (0.8ms)
Completed 200 OK in 11ms (Views: 2.8ms | ActiveRecord: 0.0ms)


Started GET "/" for 127.0.0.1 at 2014-07-24 00:32:25 -0400

ActionController::RoutingError (uninitialized constant WelcomeController):
  activesupport (4.1.2) lib/active_support/inflector/methods.rb:238:in `const_get'
  activesupport (4.1.2) lib/active_support/inflector/methods.rb:238:in `block in constantize'
  activesupport (4.1.2) lib/active_support/inflector/methods.rb:236:in `each'
  activesupport (4.1.2) lib/active_support/inflector/methods.rb:236:in `inject'
  activesupport (4.1.2) lib/active_support/inflector/methods.rb:236:in `constantize'
  actionpack (4.1.2) lib/action_dispatch/routing/route_set.rb:78:in `controller_reference'
  actionpack (4.1.2) lib/action_dispatch/routing/route_set.rb:68:in `controller'
  actionpack (4.1.2) lib/action_dispatch/routing/route_set.rb:46:in `call'
  actionpack (4.1.2) lib/action_dispatch/journey/router.rb:71:in `block in call'
  actionpack (4.1.2) lib/action_dispatch/journey/router.rb:59:in `each'
  actionpack (4.1.2) lib/action_dispatch/journey/router.rb:59:in `call'
  actionpack (4.1.2) lib/action_dispatch/routing/route_set.rb:678:in `call'
  rack (1.5.2) lib/rack/etag.rb:23:in `call'
  rack (1.5.2) lib/rack/conditionalget.rb:25:in `call'
  rack (1.5.2) lib/rack/head.rb:11:in `call'
  actionpack (4.1.2) lib/action_dispatch/middleware/params_parser.rb:27:in `call'
  actionpack (4.1.2) lib/action_dispatch/middleware/flash.rb:254:in `call'
  rack (1.5.2) lib/rack/session/abstract/id.rb:225:in `context'
  rack (1.5.2) lib/rack/session/abstract/id.rb:220:in `call'
  actionpack (4.1.2) lib/action_dispatch/middleware/cookies.rb:560:in `call'
  activerecord (4.1.2) lib/active_record/query_cache.rb:36:in `call'
  activerecord (4.1.2) lib/active_record/connection_adapters/abstract/connection_pool.rb:621:in `call'
  activerecord (4.1.2) lib/active_record/migration.rb:380:in `call'
  actionpack (4.1.2) lib/action_dispatch/middleware/callbacks.rb:29:in `block in call'
  activesupport (4.1.2) lib/active_support/callbacks.rb:82:in `run_callbacks'
  actionpack (4.1.2) lib/action_dispatch/middleware/callbacks.rb:27:in `call'
  actionpack (4.1.2) lib/action_dispatch/middleware/reloader.rb:73:in `call'
  actionpack (4.1.2) lib/action_dispatch/middleware/remote_ip.rb:76:in `call'
  actionpack (4.1.2) lib/action_dispatch/middleware/debug_exceptions.rb:17:in `call'
  actionpack (4.1.2) lib/action_dispatch/middleware/show_exceptions.rb:30:in `call'
  railties (4.1.2) lib/rails/rack/logger.rb:38:in `call_app'
  railties (4.1.2) lib/rails/rack/logger.rb:20:in `block in call'
  activesupport (4.1.2) lib/active_support/tagged_logging.rb:68:in `block in tagged'
  activesupport (4.1.2) lib/active_support/tagged_logging.rb:26:in `tagged'
  activesupport (4.1.2) lib/active_support/tagged_logging.rb:68:in `tagged'
  railties (4.1.2) lib/rails/rack/logger.rb:20:in `call'
  actionpack (4.1.2) lib/action_dispatch/middleware/request_id.rb:21:in `call'
  rack (1.5.2) lib/rack/methodoverride.rb:21:in `call'
  rack (1.5.2) lib/rack/runtime.rb:17:in `call'
  activesupport (4.1.2) lib/active_support/cache/strategy/local_cache_middleware.rb:26:in `call'
  rack (1.5.2) lib/rack/lock.rb:17:in `call'
  actionpack (4.1.2) lib/action_dispatch/middleware/static.rb:64:in `call'
  rack (1.5.2) lib/rack/sendfile.rb:112:in `call'
  railties (4.1.2) lib/rails/engine.rb:514:in `call'
  railties (4.1.2) lib/rails/application.rb:144:in `call'
  rack (1.5.2) lib/rack/lock.rb:17:in `call'
  rack (1.5.2) lib/rack/content_length.rb:14:in `call'
  rack (1.5.2) lib/rack/handler/webrick.rb:60:in `service'
  /Users/davidyinglunliu/.rbenv/versions/2.0.0-p481/lib/ruby/2.0.0/webrick/httpserver.rb:138:in `service'
  /Users/davidyinglunliu/.rbenv/versions/2.0.0-p481/lib/ruby/2.0.0/webrick/httpserver.rb:94:in `run'
  /Users/davidyinglunliu/.rbenv/versions/2.0.0-p481/lib/ruby/2.0.0/webrick/server.rb:295:in `block in start_thread'


  Rendered /Users/davidyinglunliu/.rbenv/versions/2.0.0-p481/lib/ruby/gems/2.0.0/gems/actionpack-4.1.2/lib/action_dispatch/middleware/templates/rescues/_trace.html.erb (0.9ms)
  Rendered /Users/davidyinglunliu/.rbenv/versions/2.0.0-p481/lib/ruby/gems/2.0.0/gems/actionpack-4.1.2/lib/action_dispatch/middleware/templates/routes/_route.html.erb (1.2ms)
  Rendered /Users/davidyinglunliu/.rbenv/versions/2.0.0-p481/lib/ruby/gems/2.0.0/gems/actionpack-4.1.2/lib/action_dispatch/middleware/templates/routes/_table.html.erb (5.6ms)
  Rendered /Users/davidyinglunliu/.rbenv/versions/2.0.0-p481/lib/ruby/gems/2.0.0/gems/actionpack-4.1.2/lib/action_dispatch/middleware/templates/rescues/routing_error.html.erb within rescues/layout (31.4ms)


Started GET "/" for 127.0.0.1 at 2014-07-24 00:32:51 -0400
Processing by MasterController#main as HTML
  Rendered master/main.html.erb within layouts/application (0.3ms)
Completed 200 OK in 528ms (Views: 520.3ms | ActiveRecord: 0.0ms)


Started GET "/assets/master.css?body=1" for 127.0.0.1 at 2014-07-24 00:32:51 -0400


Started GET "/assets/application.css?body=1" for 127.0.0.1 at 2014-07-24 00:32:51 -0400


Started GET "/assets/jquery.js?body=1" for 127.0.0.1 at 2014-07-24 00:32:51 -0400


Started GET "/assets/jquery_ujs.js?body=1" for 127.0.0.1 at 2014-07-24 00:32:51 -0400


Started GET "/assets/turbolinks.js?body=1" for 127.0.0.1 at 2014-07-24 00:32:51 -0400


Started GET "/assets/application.js?body=1" for 127.0.0.1 at 2014-07-24 00:32:51 -0400


Started GET "/assets/master.js?body=1" for 127.0.0.1 at 2014-07-24 00:32:51 -0400


Started GET "/" for 127.0.0.1 at 2014-07-24 00:35:04 -0400
Processing by MasterController#main as HTML
  Rendered master/main.html.erb within layouts/application (0.4ms)
Completed 200 OK in 6ms (Views: 4.8ms | ActiveRecord: 0.0ms)


Started GET "/assets/master.css?body=1" for 127.0.0.1 at 2014-07-24 00:35:04 -0400


Started GET "/assets/jquery.js?body=1" for 127.0.0.1 at 2014-07-24 00:35:04 -0400


Started GET "/assets/jquery_ujs.js?body=1" for 127.0.0.1 at 2014-07-24 00:35:04 -0400


Started GET "/assets/master.js?body=1" for 127.0.0.1 at 2014-07-24 00:35:04 -0400


Started GET "/assets/turbolinks.js?body=1" for 127.0.0.1 at 2014-07-24 00:35:04 -0400


Started GET "/assets/application.css?body=1" for 127.0.0.1 at 2014-07-24 00:35:04 -0400


Started GET "/assets/application.js?body=1" for 127.0.0.1 at 2014-07-24 00:35:04 -0400


Started GET "/" for 127.0.0.1 at 2014-07-24 00:36:57 -0400
Processing by MasterController#main as HTML
  Rendered master/main.html.erb within layouts/application (0.4ms)
Completed 200 OK in 5ms (Views: 4.4ms | ActiveRecord: 0.0ms)


Started GET "/assets/master.css?body=1" for 127.0.0.1 at 2014-07-24 00:36:57 -0400


Started GET "/assets/application.css?body=1" for 127.0.0.1 at 2014-07-24 00:36:57 -0400


Started GET "/assets/turbolinks.js?body=1" for 127.0.0.1 at 2014-07-24 00:36:57 -0400


Started GET "/assets/jquery_ujs.js?body=1" for 127.0.0.1 at 2014-07-24 00:36:57 -0400


Started GET "/assets/jquery.js?body=1" for 127.0.0.1 at 2014-07-24 00:36:57 -0400


Started GET "/assets/master.js?body=1" for 127.0.0.1 at 2014-07-24 00:36:57 -0400


Started GET "/assets/application.js?body=1" for 127.0.0.1 at 2014-07-24 00:36:57 -0400


Started GET "/data.tsv" for 127.0.0.1 at 2014-07-24 00:36:58 -0400

ActionController::RoutingError (No route matches [GET] "/data.tsv"):
  actionpack (4.1.2) lib/action_dispatch/middleware/debug_exceptions.rb:21:in `call'
  actionpack (4.1.2) lib/action_dispatch/middleware/show_exceptions.rb:30:in `call'
  railties (4.1.2) lib/rails/rack/logger.rb:38:in `call_app'
  railties (4.1.2) lib/rails/rack/logger.rb:20:in `block in call'
  activesupport (4.1.2) lib/active_support/tagged_logging.rb:68:in `block in tagged'
  activesupport (4.1.2) lib/active_support/tagged_logging.rb:26:in `tagged'
  activesupport (4.1.2) lib/active_support/tagged_logging.rb:68:in `tagged'
  railties (4.1.2) lib/rails/rack/logger.rb:20:in `call'
  actionpack (4.1.2) lib/action_dispatch/middleware/request_id.rb:21:in `call'
  rack (1.5.2) lib/rack/methodoverride.rb:21:in `call'
  rack (1.5.2) lib/rack/runtime.rb:17:in `call'
  activesupport (4.1.2) lib/active_support/cache/strategy/local_cache_middleware.rb:26:in `call'
  rack (1.5.2) lib/rack/lock.rb:17:in `call'
  actionpack (4.1.2) lib/action_dispatch/middleware/static.rb:64:in `call'
  rack (1.5.2) lib/rack/sendfile.rb:112:in `call'
  railties (4.1.2) lib/rails/engine.rb:514:in `call'
  railties (4.1.2) lib/rails/application.rb:144:in `call'
  rack (1.5.2) lib/rack/lock.rb:17:in `call'
  rack (1.5.2) lib/rack/content_length.rb:14:in `call'
  rack (1.5.2) lib/rack/handler/webrick.rb:60:in `service'
  /Users/davidyinglunliu/.rbenv/versions/2.0.0-p481/lib/ruby/2.0.0/webrick/httpserver.rb:138:in `service'
  /Users/davidyinglunliu/.rbenv/versions/2.0.0-p481/lib/ruby/2.0.0/webrick/httpserver.rb:94:in `run'
  /Users/davidyinglunliu/.rbenv/versions/2.0.0-p481/lib/ruby/2.0.0/webrick/server.rb:295:in `block in start_thread'


  Rendered /Users/davidyinglunliu/.rbenv/versions/2.0.0-p481/lib/ruby/gems/2.0.0/gems/actionpack-4.1.2/lib/action_dispatch/middleware/templates/rescues/_trace.html.erb (1.0ms)
  Rendered /Users/davidyinglunliu/.rbenv/versions/2.0.0-p481/lib/ruby/gems/2.0.0/gems/actionpack-4.1.2/lib/action_dispatch/middleware/templates/routes/_route.html.erb (0.8ms)
  Rendered /Users/davidyinglunliu/.rbenv/versions/2.0.0-p481/lib/ruby/gems/2.0.0/gems/actionpack-4.1.2/lib/action_dispatch/middleware/templates/routes/_table.html.erb (1.1ms)
  Rendered /Users/davidyinglunliu/.rbenv/versions/2.0.0-p481/lib/ruby/gems/2.0.0/gems/actionpack-4.1.2/lib/action_dispatch/middleware/templates/rescues/routing_error.html.erb within rescues/layout (16.5ms)


Started GET "/" for 127.0.0.1 at 2014-07-24 00:36:59 -0400
Processing by MasterController#main as HTML
  Rendered master/main.html.erb within layouts/application (0.1ms)
Completed 200 OK in 5ms (Views: 4.2ms | ActiveRecord: 0.0ms)


Started GET "/assets/master.css?body=1" for 127.0.0.1 at 2014-07-24 00:36:59 -0400


Started GET "/assets/application.css?body=1" for 127.0.0.1 at 2014-07-24 00:36:59 -0400


Started GET "/assets/jquery_ujs.js?body=1" for 127.0.0.1 at 2014-07-24 00:36:59 -0400


Started GET "/assets/turbolinks.js?body=1" for 127.0.0.1 at 2014-07-24 00:36:59 -0400


Started GET "/assets/jquery.js?body=1" for 127.0.0.1 at 2014-07-24 00:36:59 -0400


Started GET "/assets/master.js?body=1" for 127.0.0.1 at 2014-07-24 00:36:59 -0400


Started GET "/assets/application.js?body=1" for 127.0.0.1 at 2014-07-24 00:36:59 -0400


Started GET "/data.tsv" for 127.0.0.1 at 2014-07-24 00:36:59 -0400

ActionController::RoutingError (No route matches [GET] "/data.tsv"):
  actionpack (4.1.2) lib/action_dispatch/middleware/debug_exceptions.rb:21:in `call'
  actionpack (4.1.2) lib/action_dispatch/middleware/show_exceptions.rb:30:in `call'
  railties (4.1.2) lib/rails/rack/logger.rb:38:in `call_app'
  railties (4.1.2) lib/rails/rack/logger.rb:20:in `block in call'
  activesupport (4.1.2) lib/active_support/tagged_logging.rb:68:in `block in tagged'
  activesupport (4.1.2) lib/active_support/tagged_logging.rb:26:in `tagged'
  activesupport (4.1.2) lib/active_support/tagged_logging.rb:68:in `tagged'
  railties (4.1.2) lib/rails/rack/logger.rb:20:in `call'
  actionpack (4.1.2) lib/action_dispatch/middleware/request_id.rb:21:in `call'
  rack (1.5.2) lib/rack/methodoverride.rb:21:in `call'
  rack (1.5.2) lib/rack/runtime.rb:17:in `call'
  activesupport (4.1.2) lib/active_support/cache/strategy/local_cache_middleware.rb:26:in `call'
  rack (1.5.2) lib/rack/lock.rb:17:in `call'
  actionpack (4.1.2) lib/action_dispatch/middleware/static.rb:64:in `call'
  rack (1.5.2) lib/rack/sendfile.rb:112:in `call'
  railties (4.1.2) lib/rails/engine.rb:514:in `call'
  railties (4.1.2) lib/rails/application.rb:144:in `call'
  rack (1.5.2) lib/rack/lock.rb:17:in `call'
  rack (1.5.2) lib/rack/content_length.rb:14:in `call'
  rack (1.5.2) lib/rack/handler/webrick.rb:60:in `service'
  /Users/davidyinglunliu/.rbenv/versions/2.0.0-p481/lib/ruby/2.0.0/webrick/httpserver.rb:138:in `service'
  /Users/davidyinglunliu/.rbenv/versions/2.0.0-p481/lib/ruby/2.0.0/webrick/httpserver.rb:94:in `run'
  /Users/davidyinglunliu/.rbenv/versions/2.0.0-p481/lib/ruby/2.0.0/webrick/server.rb:295:in `block in start_thread'


  Rendered /Users/davidyinglunliu/.rbenv/versions/2.0.0-p481/lib/ruby/gems/2.0.0/gems/actionpack-4.1.2/lib/action_dispatch/middleware/templates/rescues/_trace.html.erb (1.5ms)
  Rendered /Users/davidyinglunliu/.rbenv/versions/2.0.0-p481/lib/ruby/gems/2.0.0/gems/actionpack-4.1.2/lib/action_dispatch/middleware/templates/routes/_route.html.erb (1.0ms)
  Rendered /Users/davidyinglunliu/.rbenv/versions/2.0.0-p481/lib/ruby/gems/2.0.0/gems/actionpack-4.1.2/lib/action_dispatch/middleware/templates/routes/_table.html.erb (1.3ms)
  Rendered /Users/davidyinglunliu/.rbenv/versions/2.0.0-p481/lib/ruby/gems/2.0.0/gems/actionpack-4.1.2/lib/action_dispatch/middleware/templates/rescues/routing_error.html.erb within rescues/layout (20.9ms)


Started GET "/" for 127.0.0.1 at 2014-07-24 00:37:45 -0400
Processing by MasterController#main as HTML
  Rendered master/main.html.erb within layouts/application (1.1ms)
Completed 200 OK in 59ms (Views: 50.7ms | ActiveRecord: 0.0ms)


Started GET "/assets/master.css?body=1" for 127.0.0.1 at 2014-07-24 00:37:45 -0400


Started GET "/assets/jquery_ujs.js?body=1" for 127.0.0.1 at 2014-07-24 00:37:45 -0400


Started GET "/assets/master.js?body=1" for 127.0.0.1 at 2014-07-24 00:37:45 -0400


Started GET "/assets/application.css?body=1" for 127.0.0.1 at 2014-07-24 00:37:45 -0400


Started GET "/assets/jquery.js?body=1" for 127.0.0.1 at 2014-07-24 00:37:45 -0400


Started GET "/assets/turbolinks.js?body=1" for 127.0.0.1 at 2014-07-24 00:37:45 -0400


Started GET "/assets/application.js?body=1" for 127.0.0.1 at 2014-07-24 00:37:45 -0400


Started GET "/data.tsv" for 127.0.0.1 at 2014-07-24 00:37:45 -0400

ActionController::RoutingError (No route matches [GET] "/data.tsv"):
  actionpack (4.1.2) lib/action_dispatch/middleware/debug_exceptions.rb:21:in `call'
  actionpack (4.1.2) lib/action_dispatch/middleware/show_exceptions.rb:30:in `call'
  railties (4.1.2) lib/rails/rack/logger.rb:38:in `call_app'
  railties (4.1.2) lib/rails/rack/logger.rb:20:in `block in call'
  activesupport (4.1.2) lib/active_support/tagged_logging.rb:68:in `block in tagged'
  activesupport (4.1.2) lib/active_support/tagged_logging.rb:26:in `tagged'
  activesupport (4.1.2) lib/active_support/tagged_logging.rb:68:in `tagged'
  railties (4.1.2) lib/rails/rack/logger.rb:20:in `call'
  actionpack (4.1.2) lib/action_dispatch/middleware/request_id.rb:21:in `call'
  rack (1.5.2) lib/rack/methodoverride.rb:21:in `call'
  rack (1.5.2) lib/rack/runtime.rb:17:in `call'
  activesupport (4.1.2) lib/active_support/cache/strategy/local_cache_middleware.rb:26:in `call'
  rack (1.5.2) lib/rack/lock.rb:17:in `call'
  actionpack (4.1.2) lib/action_dispatch/middleware/static.rb:64:in `call'
  rack (1.5.2) lib/rack/sendfile.rb:112:in `call'
  railties (4.1.2) lib/rails/engine.rb:514:in `call'
  railties (4.1.2) lib/rails/application.rb:144:in `call'
  rack (1.5.2) lib/rack/lock.rb:17:in `call'
  rack (1.5.2) lib/rack/content_length.rb:14:in `call'
  rack (1.5.2) lib/rack/handler/webrick.rb:60:in `service'
  /Users/davidyinglunliu/.rbenv/versions/2.0.0-p481/lib/ruby/2.0.0/webrick/httpserver.rb:138:in `service'
  /Users/davidyinglunliu/.rbenv/versions/2.0.0-p481/lib/ruby/2.0.0/webrick/httpserver.rb:94:in `run'
  /Users/davidyinglunliu/.rbenv/versions/2.0.0-p481/lib/ruby/2.0.0/webrick/server.rb:295:in `block in start_thread'


  Rendered /Users/davidyinglunliu/.rbenv/versions/2.0.0-p481/lib/ruby/gems/2.0.0/gems/actionpack-4.1.2/lib/action_dispatch/middleware/templates/rescues/_trace.html.erb (1.0ms)
  Rendered /Users/davidyinglunliu/.rbenv/versions/2.0.0-p481/lib/ruby/gems/2.0.0/gems/actionpack-4.1.2/lib/action_dispatch/middleware/templates/routes/_route.html.erb (0.8ms)
  Rendered /Users/davidyinglunliu/.rbenv/versions/2.0.0-p481/lib/ruby/gems/2.0.0/gems/actionpack-4.1.2/lib/action_dispatch/middleware/templates/routes/_table.html.erb (5.2ms)
  Rendered /Users/davidyinglunliu/.rbenv/versions/2.0.0-p481/lib/ruby/gems/2.0.0/gems/actionpack-4.1.2/lib/action_dispatch/middleware/templates/rescues/routing_error.html.erb within rescues/layout (21.5ms)


Started GET "/" for 127.0.0.1 at 2014-07-24 00:45:04 -0400
Processing by MasterController#main as HTML
  Rendered master/main.html.erb within layouts/application (0.4ms)
Completed 200 OK in 32ms (Views: 31.6ms | ActiveRecord: 0.0ms)


Started GET "/assets/master.css?body=1" for 127.0.0.1 at 2014-07-24 00:45:04 -0400


Started GET "/assets/jquery_ujs.js?body=1" for 127.0.0.1 at 2014-07-24 00:45:04 -0400


Started GET "/assets/application.css?body=1" for 127.0.0.1 at 2014-07-24 00:45:04 -0400


Started GET "/assets/turbolinks.js?body=1" for 127.0.0.1 at 2014-07-24 00:45:04 -0400


Started GET "/assets/jquery.js?body=1" for 127.0.0.1 at 2014-07-24 00:45:04 -0400


Started GET "/assets/master.js?body=1" for 127.0.0.1 at 2014-07-24 00:45:04 -0400


Started GET "/assets/application.js?body=1" for 127.0.0.1 at 2014-07-24 00:45:04 -0400


Started GET "/~/lib/data.tsv" for 127.0.0.1 at 2014-07-24 00:45:04 -0400

ActionController::RoutingError (No route matches [GET] "/~/lib/data.tsv"):
  actionpack (4.1.2) lib/action_dispatch/middleware/debug_exceptions.rb:21:in `call'
  actionpack (4.1.2) lib/action_dispatch/middleware/show_exceptions.rb:30:in `call'
  railties (4.1.2) lib/rails/rack/logger.rb:38:in `call_app'
  railties (4.1.2) lib/rails/rack/logger.rb:20:in `block in call'
  activesupport (4.1.2) lib/active_support/tagged_logging.rb:68:in `block in tagged'
  activesupport (4.1.2) lib/active_support/tagged_logging.rb:26:in `tagged'
  activesupport (4.1.2) lib/active_support/tagged_logging.rb:68:in `tagged'
  railties (4.1.2) lib/rails/rack/logger.rb:20:in `call'
  actionpack (4.1.2) lib/action_dispatch/middleware/request_id.rb:21:in `call'
  rack (1.5.2) lib/rack/methodoverride.rb:21:in `call'
  rack (1.5.2) lib/rack/runtime.rb:17:in `call'
  activesupport (4.1.2) lib/active_support/cache/strategy/local_cache_middleware.rb:26:in `call'
  rack (1.5.2) lib/rack/lock.rb:17:in `call'
  actionpack (4.1.2) lib/action_dispatch/middleware/static.rb:64:in `call'
  rack (1.5.2) lib/rack/sendfile.rb:112:in `call'
  railties (4.1.2) lib/rails/engine.rb:514:in `call'
  railties (4.1.2) lib/rails/application.rb:144:in `call'
  rack (1.5.2) lib/rack/lock.rb:17:in `call'
  rack (1.5.2) lib/rack/content_length.rb:14:in `call'
  rack (1.5.2) lib/rack/handler/webrick.rb:60:in `service'
  /Users/davidyinglunliu/.rbenv/versions/2.0.0-p481/lib/ruby/2.0.0/webrick/httpserver.rb:138:in `service'
  /Users/davidyinglunliu/.rbenv/versions/2.0.0-p481/lib/ruby/2.0.0/webrick/httpserver.rb:94:in `run'
  /Users/davidyinglunliu/.rbenv/versions/2.0.0-p481/lib/ruby/2.0.0/webrick/server.rb:295:in `block in start_thread'


  Rendered /Users/davidyinglunliu/.rbenv/versions/2.0.0-p481/lib/ruby/gems/2.0.0/gems/actionpack-4.1.2/lib/action_dispatch/middleware/templates/rescues/_trace.html.erb (0.9ms)
  Rendered /Users/davidyinglunliu/.rbenv/versions/2.0.0-p481/lib/ruby/gems/2.0.0/gems/actionpack-4.1.2/lib/action_dispatch/middleware/templates/routes/_route.html.erb (0.8ms)
  Rendered /Users/davidyinglunliu/.rbenv/versions/2.0.0-p481/lib/ruby/gems/2.0.0/gems/actionpack-4.1.2/lib/action_dispatch/middleware/templates/routes/_table.html.erb (1.1ms)
  Rendered /Users/davidyinglunliu/.rbenv/versions/2.0.0-p481/lib/ruby/gems/2.0.0/gems/actionpack-4.1.2/lib/action_dispatch/middleware/templates/rescues/routing_error.html.erb within rescues/layout (15.8ms)


Started GET "/" for 127.0.0.1 at 2014-07-24 00:45:49 -0400
Processing by MasterController#main as HTML
  Rendered master/main.html.erb within layouts/application (0.4ms)
Completed 200 OK in 5ms (Views: 4.3ms | ActiveRecord: 0.0ms)


Started GET "/assets/master.css?body=1" for 127.0.0.1 at 2014-07-24 00:45:49 -0400


Started GET "/assets/application.css?body=1" for 127.0.0.1 at 2014-07-24 00:45:49 -0400


Started GET "/assets/jquery.js?body=1" for 127.0.0.1 at 2014-07-24 00:45:49 -0400


Started GET "/assets/jquery_ujs.js?body=1" for 127.0.0.1 at 2014-07-24 00:45:49 -0400


Started GET "/assets/master.js?body=1" for 127.0.0.1 at 2014-07-24 00:45:49 -0400


Started GET "/assets/turbolinks.js?body=1" for 127.0.0.1 at 2014-07-24 00:45:49 -0400


Started GET "/assets/application.js?body=1" for 127.0.0.1 at 2014-07-24 00:45:49 -0400


Started GET "/lib/data.tsv" for 127.0.0.1 at 2014-07-24 00:45:49 -0400

ActionController::RoutingError (No route matches [GET] "/lib/data.tsv"):
  actionpack (4.1.2) lib/action_dispatch/middleware/debug_exceptions.rb:21:in `call'
  actionpack (4.1.2) lib/action_dispatch/middleware/show_exceptions.rb:30:in `call'
  railties (4.1.2) lib/rails/rack/logger.rb:38:in `call_app'
  railties (4.1.2) lib/rails/rack/logger.rb:20:in `block in call'
  activesupport (4.1.2) lib/active_support/tagged_logging.rb:68:in `block in tagged'
  activesupport (4.1.2) lib/active_support/tagged_logging.rb:26:in `tagged'
  activesupport (4.1.2) lib/active_support/tagged_logging.rb:68:in `tagged'
  railties (4.1.2) lib/rails/rack/logger.rb:20:in `call'
  actionpack (4.1.2) lib/action_dispatch/middleware/request_id.rb:21:in `call'
  rack (1.5.2) lib/rack/methodoverride.rb:21:in `call'
  rack (1.5.2) lib/rack/runtime.rb:17:in `call'
  activesupport (4.1.2) lib/active_support/cache/strategy/local_cache_middleware.rb:26:in `call'
  rack (1.5.2) lib/rack/lock.rb:17:in `call'
  actionpack (4.1.2) lib/action_dispatch/middleware/static.rb:64:in `call'
  rack (1.5.2) lib/rack/sendfile.rb:112:in `call'
  railties (4.1.2) lib/rails/engine.rb:514:in `call'
  railties (4.1.2) lib/rails/application.rb:144:in `call'
  rack (1.5.2) lib/rack/lock.rb:17:in `call'
  rack (1.5.2) lib/rack/content_length.rb:14:in `call'
  rack (1.5.2) lib/rack/handler/webrick.rb:60:in `service'
  /Users/davidyinglunliu/.rbenv/versions/2.0.0-p481/lib/ruby/2.0.0/webrick/httpserver.rb:138:in `service'
  /Users/davidyinglunliu/.rbenv/versions/2.0.0-p481/lib/ruby/2.0.0/webrick/httpserver.rb:94:in `run'
  /Users/davidyinglunliu/.rbenv/versions/2.0.0-p481/lib/ruby/2.0.0/webrick/server.rb:295:in `block in start_thread'


  Rendered /Users/davidyinglunliu/.rbenv/versions/2.0.0-p481/lib/ruby/gems/2.0.0/gems/actionpack-4.1.2/lib/action_dispatch/middleware/templates/rescues/_trace.html.erb (1.0ms)
  Rendered /Users/davidyinglunliu/.rbenv/versions/2.0.0-p481/lib/ruby/gems/2.0.0/gems/actionpack-4.1.2/lib/action_dispatch/middleware/templates/routes/_route.html.erb (0.8ms)
  Rendered /Users/davidyinglunliu/.rbenv/versions/2.0.0-p481/lib/ruby/gems/2.0.0/gems/actionpack-4.1.2/lib/action_dispatch/middleware/templates/routes/_table.html.erb (1.1ms)
  Rendered /Users/davidyinglunliu/.rbenv/versions/2.0.0-p481/lib/ruby/gems/2.0.0/gems/actionpack-4.1.2/lib/action_dispatch/middleware/templates/rescues/routing_error.html.erb within rescues/layout (16.2ms)


Started GET "/" for 127.0.0.1 at 2014-07-24 07:29:57 -0400
Processing by MasterController#main as HTML
  Rendered master/main.html.erb within layouts/application (0.4ms)
Completed 200 OK in 5ms (Views: 4.1ms | ActiveRecord: 0.0ms)


Started GET "/assets/master.css?body=1" for 127.0.0.1 at 2014-07-24 07:29:58 -0400


Started GET "/assets/master.js?body=1" for 127.0.0.1 at 2014-07-24 07:29:58 -0400


Started GET "/assets/jquery.js?body=1" for 127.0.0.1 at 2014-07-24 07:29:58 -0400


Started GET "/assets/application.css?body=1" for 127.0.0.1 at 2014-07-24 07:29:58 -0400


Started GET "/assets/turbolinks.js?body=1" for 127.0.0.1 at 2014-07-24 07:29:58 -0400


Started GET "/assets/jquery_ujs.js?body=1" for 127.0.0.1 at 2014-07-24 07:29:58 -0400


Started GET "/assets/application.js?body=1" for 127.0.0.1 at 2014-07-24 07:29:58 -0400


Started GET "/public/data.tsv" for 127.0.0.1 at 2014-07-24 07:29:58 -0400

ActionController::RoutingError (No route matches [GET] "/public/data.tsv"):
  actionpack (4.1.2) lib/action_dispatch/middleware/debug_exceptions.rb:21:in `call'
  actionpack (4.1.2) lib/action_dispatch/middleware/show_exceptions.rb:30:in `call'
  railties (4.1.2) lib/rails/rack/logger.rb:38:in `call_app'
  railties (4.1.2) lib/rails/rack/logger.rb:20:in `block in call'
  activesupport (4.1.2) lib/active_support/tagged_logging.rb:68:in `block in tagged'
  activesupport (4.1.2) lib/active_support/tagged_logging.rb:26:in `tagged'
  activesupport (4.1.2) lib/active_support/tagged_logging.rb:68:in `tagged'
  railties (4.1.2) lib/rails/rack/logger.rb:20:in `call'
  actionpack (4.1.2) lib/action_dispatch/middleware/request_id.rb:21:in `call'
  rack (1.5.2) lib/rack/methodoverride.rb:21:in `call'
  rack (1.5.2) lib/rack/runtime.rb:17:in `call'
  activesupport (4.1.2) lib/active_support/cache/strategy/local_cache_middleware.rb:26:in `call'
  rack (1.5.2) lib/rack/lock.rb:17:in `call'
  actionpack (4.1.2) lib/action_dispatch/middleware/static.rb:64:in `call'
  rack (1.5.2) lib/rack/sendfile.rb:112:in `call'
  railties (4.1.2) lib/rails/engine.rb:514:in `call'
  railties (4.1.2) lib/rails/application.rb:144:in `call'
  rack (1.5.2) lib/rack/lock.rb:17:in `call'
  rack (1.5.2) lib/rack/content_length.rb:14:in `call'
  rack (1.5.2) lib/rack/handler/webrick.rb:60:in `service'
  /Users/davidyinglunliu/.rbenv/versions/2.0.0-p481/lib/ruby/2.0.0/webrick/httpserver.rb:138:in `service'
  /Users/davidyinglunliu/.rbenv/versions/2.0.0-p481/lib/ruby/2.0.0/webrick/httpserver.rb:94:in `run'
  /Users/davidyinglunliu/.rbenv/versions/2.0.0-p481/lib/ruby/2.0.0/webrick/server.rb:295:in `block in start_thread'


  Rendered /Users/davidyinglunliu/.rbenv/versions/2.0.0-p481/lib/ruby/gems/2.0.0/gems/actionpack-4.1.2/lib/action_dispatch/middleware/templates/rescues/_trace.html.erb (1.0ms)
  Rendered /Users/davidyinglunliu/.rbenv/versions/2.0.0-p481/lib/ruby/gems/2.0.0/gems/actionpack-4.1.2/lib/action_dispatch/middleware/templates/routes/_route.html.erb (1.3ms)
  Rendered /Users/davidyinglunliu/.rbenv/versions/2.0.0-p481/lib/ruby/gems/2.0.0/gems/actionpack-4.1.2/lib/action_dispatch/middleware/templates/routes/_table.html.erb (1.0ms)
  Rendered /Users/davidyinglunliu/.rbenv/versions/2.0.0-p481/lib/ruby/gems/2.0.0/gems/actionpack-4.1.2/lib/action_dispatch/middleware/templates/rescues/routing_error.html.erb within rescues/layout (18.5ms)


Started GET "/" for 127.0.0.1 at 2014-07-24 07:31:22 -0400

ArgumentError (Missing :controller key on routes definition, please check your routes.):
  config/routes.rb:3:in `block in <top (required)>'
  config/routes.rb:1:in `<top (required)>'


  Rendered /Users/davidyinglunliu/.rbenv/versions/2.0.0-p481/lib/ruby/gems/2.0.0/gems/actionpack-4.1.2/lib/action_dispatch/middleware/templates/rescues/_source.erb (0.6ms)
  Rendered /Users/davidyinglunliu/.rbenv/versions/2.0.0-p481/lib/ruby/gems/2.0.0/gems/actionpack-4.1.2/lib/action_dispatch/middleware/templates/rescues/_trace.html.erb (0.8ms)
  Rendered /Users/davidyinglunliu/.rbenv/versions/2.0.0-p481/lib/ruby/gems/2.0.0/gems/actionpack-4.1.2/lib/action_dispatch/middleware/templates/rescues/_request_and_response.html.erb (0.7ms)
  Rendered /Users/davidyinglunliu/.rbenv/versions/2.0.0-p481/lib/ruby/gems/2.0.0/gems/actionpack-4.1.2/lib/action_dispatch/middleware/templates/rescues/diagnostics.erb within rescues/layout (16.9ms)


Started GET "/" for 127.0.0.1 at 2014-07-24 07:35:29 -0400
Processing by MasterController#main as HTML
  Rendered master/main.html.erb within layouts/application (0.3ms)
Completed 200 OK in 36ms (Views: 35.5ms | ActiveRecord: 0.0ms)


Started GET "/assets/master.css?body=1" for 127.0.0.1 at 2014-07-24 07:35:29 -0400


Started GET "/assets/application.css?body=1" for 127.0.0.1 at 2014-07-24 07:35:29 -0400


Started GET "/assets/jquery.js?body=1" for 127.0.0.1 at 2014-07-24 07:35:29 -0400


Started GET "/assets/jquery_ujs.js?body=1" for 127.0.0.1 at 2014-07-24 07:35:29 -0400


Started GET "/assets/turbolinks.js?body=1" for 127.0.0.1 at 2014-07-24 07:35:29 -0400


Started GET "/assets/application.js?body=1" for 127.0.0.1 at 2014-07-24 07:35:29 -0400


Started GET "/assets/master.js?body=1" for 127.0.0.1 at 2014-07-24 07:35:29 -0400
